{"uuid":"fb91b10d-d81b-4d49-bacb-dffb41963431","historyId":"f2f6ccaaef0efc31c60016e0d9806f1f","testCaseId":"[engine:junit-jupiter]/[class:ilya.lesnikov.ui.tests.CreateBuildConfigurationTests]/[method:creatingBuildConfigurationWithAllValidFields()]","testCaseName":"Создания билд конфигурации со всеми валидными полями","fullName":"ilya.lesnikov.ui.tests.CreateBuildConfigurationTests.creatingBuildConfigurationWithAllValidFields","labels":[{"name":"tag","value":"smoke"},{"name":"tag","value":"positive"},{"name":"tag","value":"regression"},{"name":"junit.platform.uniqueid","value":"[engine:junit-jupiter]/[class:ilya.lesnikov.ui.tests.CreateBuildConfigurationTests]/[method:creatingBuildConfigurationWithAllValidFields()]"},{"name":"host","value":"amn112631"},{"name":"thread","value":"3140@amn112631.main(1)"},{"name":"framework","value":"junit-platform"},{"name":"language","value":"java"},{"name":"package","value":"ilya.lesnikov.ui.tests.CreateBuildConfigurationTests"},{"name":"testClass","value":"ilya.lesnikov.ui.tests.CreateBuildConfigurationTests"},{"name":"testMethod","value":"creatingBuildConfigurationWithAllValidFields"},{"name":"suite","value":"Тесты на создания билд конфигурации"}],"links":[],"name":"Создания билд конфигурации со всеми валидными полями","status":"failed","statusDetails":{"known":false,"muted":false,"flaky":false,"message":"Element should exist {[class*='Subproject__line'].snapshot(1 elements)[0]}\r\nElement: 'Ups, failed to describe the element [caused by: StaleElementReferenceException: stale element reference: element is not attached to the page document]'\r\nActual value: does not exist\r\nScreenshot: file:/C:/MyPetProjects/NoBugsWabFramework/Teamcity/build/reports/tests/1731265184233.0.png\r\nPage source: file:/C:/MyPetProjects/NoBugsWabFramework/Teamcity/build/reports/tests/1731265184233.0.html\r\nTimeout: 4 s.","trace":"Element should exist {[class*='Subproject__line'].snapshot(1 elements)[0]}\r\nElement: 'Ups, failed to describe the element [caused by: StaleElementReferenceException: stale element reference: element is not attached to the page document]'\r\nActual value: does not exist\r\nScreenshot: file:/C:/MyPetProjects/NoBugsWabFramework/Teamcity/build/reports/tests/1731265184233.0.png\r\nPage source: file:/C:/MyPetProjects/NoBugsWabFramework/Teamcity/build/reports/tests/1731265184233.0.html\r\nTimeout: 4 s.\r\n\tat com.codeborne.selenide.impl.WebElementSource.handleError(WebElementSource.java:148)\r\n\tat com.codeborne.selenide.impl.WebElementSource.checkConditionAndReturnElement(WebElementSource.java:126)\r\n\tat com.codeborne.selenide.impl.WebElementSource.checkCondition(WebElementSource.java:103)\r\n\tat com.codeborne.selenide.impl.ElementFinder.createElementNotFoundError(ElementFinder.java:139)\r\n\tat com.codeborne.selenide.impl.ExceptionWrapper.wrap(ExceptionWrapper.java:32)\r\n\tat com.codeborne.selenide.impl.SelenideElementProxy.dispatchAndRetry(SelenideElementProxy.java:156)\r\n\tat com.codeborne.selenide.impl.SelenideElementProxy.invoke(SelenideElementProxy.java:86)\r\n\tat jdk.proxy2/jdk.proxy2.$Proxy42.text(Unknown Source)\r\n\tat ilya.lesnikov.ui.tests.CreateBuildConfigurationTests.lambda$creatingBuildConfigurationWithAllValidFields$0(CreateBuildConfigurationTests.java:40)\r\n\tat java.base/java.util.stream.ReferencePipeline$2$1.accept(ReferencePipeline.java:178)\r\n\tat java.base/java.util.AbstractList$RandomAccessSpliterator.tryAdvance(AbstractList.java:706)\r\n\tat java.base/java.util.stream.ReferencePipeline.forEachWithCancel(ReferencePipeline.java:129)\r\n\tat java.base/java.util.stream.AbstractPipeline.copyIntoWithCancel(AbstractPipeline.java:527)\r\n\tat java.base/java.util.stream.AbstractPipeline.copyInto(AbstractPipeline.java:513)\r\n\tat java.base/java.util.stream.AbstractPipeline.wrapAndCopyInto(AbstractPipeline.java:499)\r\n\tat java.base/java.util.stream.FindOps$FindOp.evaluateSequential(FindOps.java:150)\r\n\tat java.base/java.util.stream.AbstractPipeline.evaluate(AbstractPipeline.java:234)\r\n\tat java.base/java.util.stream.ReferencePipeline.findFirst(ReferencePipeline.java:647)\r\n\tat ilya.lesnikov.ui.tests.CreateBuildConfigurationTests.creatingBuildConfigurationWithAllValidFields(CreateBuildConfigurationTests.java:40)\r\n\tat java.base/java.lang.reflect.Method.invoke(Method.java:568)\r\n\tat java.base/java.util.ArrayList.forEach(ArrayList.java:1511)\r\n\tat java.base/java.util.ArrayList.forEach(ArrayList.java:1511)\r\n"},"stage":"finished","description":"","steps":[],"attachments":[],"parameters":[],"start":1731265134376,"stop":1731265184906}